<?xml version="1.0" encoding="UTF-8"?>
<testng-results ignored="0" total="2" passed="2" failed="0" skipped="0">
  <reporter-output>
  </reporter-output>
  <suite started-at="2025-02-01T16:51:01 IST" name="Default suite" finished-at="2025-02-01T16:51:46 IST" duration-ms="44686">
    <groups>
    </groups>
    <test started-at="2025-02-01T16:51:01 IST" name="Default test" finished-at="2025-02-01T16:51:46 IST" duration-ms="44686">
      <class name="Lovya.triple.DBQuery">
        <test-method is-config="true" signature="setup()[pri:0, instance:Lovya.triple.DBQuery@1de5f259]" started-at="2025-02-01T16:51:01 IST" name="setup" finished-at="2025-02-01T16:51:03 IST" duration-ms="1307" status="PASS">
          <reporter-output>
          </reporter-output>
        </test-method> <!-- setup -->
        <test-method signature="login()[pri:1, instance:Lovya.triple.DBQuery@1de5f259]" started-at="2025-02-01T16:51:03 IST" name="login" finished-at="2025-02-01T16:51:21 IST" duration-ms="18539" status="PASS">
          <reporter-output>
          </reporter-output>
        </test-method> <!-- login -->
        <test-method signature="analyticsEngine()[pri:2, instance:Lovya.triple.DBQuery@1de5f259]" started-at="2025-02-01T16:51:21 IST" name="analyticsEngine" finished-at="2025-02-01T16:51:46 IST" duration-ms="24401" status="PASS">
          <reporter-output>
          </reporter-output>
        </test-method> <!-- analyticsEngine -->
        <test-method is-config="true" signature="tearDown()[pri:0, instance:Lovya.triple.DBQuery@1de5f259]" started-at="2025-02-01T16:51:46 IST" name="tearDown" finished-at="2025-02-01T16:51:46 IST" duration-ms="418" status="PASS">
          <reporter-output>
          </reporter-output>
        </test-method> <!-- tearDown -->
      </class> <!-- Lovya.triple.DBQuery -->
    </test> <!-- Default test -->
  </suite> <!-- Default suite -->
</testng-results>
